<?xml version="1.0" encoding="UTF-8"?>
<!-- Generated by org.testng.reporters.JUnitXMLReporter -->
<testsuite ignored="14" hostname="Babu" failures="0" tests="7" name="Default test" time="0.147" errors="0" timestamp="2022-06-18T11:36:59 IST">
  <testcase classname="com.obs.tests.BaseTest" name="@BeforeTest launch" time="-1.655532419761E9">
    <failure type="org.testng.TestNGException" message="
Parameter &amp;apos;browserType&amp;apos; is required by BeforeTest on method launch but has not been marked @Optional or defined
in C:\Users\babuvakkom\AppData\Local\Temp\testng-eclipse--2088757415\testng-customsuite.xml">
      <![CDATA[org.testng.TestNGException: 
Parameter 'browserType' is required by BeforeTest on method launch but has not been marked @Optional or defined
in C:\Users\babuvakkom\AppData\Local\Temp\testng-eclipse--2088757415\testng-customsuite.xml
at org.testng.internal.Parameters.createParams(Parameters.java:270)
at org.testng.internal.Parameters.createParametersForMethod(Parameters.java:358)
at org.testng.internal.Parameters.createParameters(Parameters.java:700)
at org.testng.internal.Parameters.createConfigurationParameters(Parameters.java:168)
at org.testng.internal.ConfigInvoker.invokeConfigurations(ConfigInvoker.java:302)
at org.testng.TestRunner.invokeTestConfigurations(TestRunner.java:637)
at org.testng.TestRunner.beforeRun(TestRunner.java:627)
at org.testng.TestRunner.run(TestRunner.java:589)
at org.testng.SuiteRunner.runTest(SuiteRunner.java:377)
at org.testng.SuiteRunner.runSequentially(SuiteRunner.java:371)
at org.testng.SuiteRunner.privateRun(SuiteRunner.java:332)
at org.testng.SuiteRunner.run(SuiteRunner.java:276)
at org.testng.SuiteRunnerWorker.runSuite(SuiteRunnerWorker.java:53)
at org.testng.SuiteRunnerWorker.run(SuiteRunnerWorker.java:96)
at org.testng.TestNG.runSuitesSequentially(TestNG.java:1212)
at org.testng.TestNG.runSuitesLocally(TestNG.java:1134)
at org.testng.TestNG.runSuites(TestNG.java:1063)
at org.testng.TestNG.run(TestNG.java:1031)
at org.testng.remote.AbstractRemoteTestNG.run(AbstractRemoteTestNG.java:115)
at org.testng.remote.RemoteTestNG.initAndRun(RemoteTestNG.java:251)
at org.testng.remote.RemoteTestNG.main(RemoteTestNG.java:77)
]]>
    </failure>
  </testcase> <!-- @BeforeTest launch -->
  <testcase classname="com.obs.tests.TestLeafTest" name="@BeforeMethod invokeTestLeaf" time="-1.655532419812E9">
    <skipped/>
  </testcase> <!-- @BeforeMethod invokeTestLeaf -->
  <testcase classname="com.obs.tests.TestLeafTest" name="@BeforeMethod invokeTestLeaf" time="-1.65553241983E9">
    <skipped/>
  </testcase> <!-- @BeforeMethod invokeTestLeaf -->
  <testcase classname="com.obs.tests.TestLeafTest" name="@BeforeMethod invokeTestLeaf" time="-1.655532419838E9">
    <skipped/>
  </testcase> <!-- @BeforeMethod invokeTestLeaf -->
  <testcase classname="com.obs.tests.TestLeafTest" name="@BeforeMethod invokeTestLeaf" time="-1.65553241985E9">
    <skipped/>
  </testcase> <!-- @BeforeMethod invokeTestLeaf -->
  <testcase classname="com.obs.tests.TestLeafTest" name="@BeforeMethod invokeTestLeaf" time="-1.655532419858E9">
    <skipped/>
  </testcase> <!-- @BeforeMethod invokeTestLeaf -->
  <testcase classname="com.obs.tests.TestLeafTest" name="@BeforeMethod invokeTestLeaf" time="-1.655532419868E9">
    <skipped/>
  </testcase> <!-- @BeforeMethod invokeTestLeaf -->
  <testcase classname="com.obs.tests.TestLeafTest" name="@BeforeMethod invokeTestLeaf" time="-1.655532419882E9">
    <skipped/>
  </testcase> <!-- @BeforeMethod invokeTestLeaf -->
  <testcase classname="com.obs.tests.BaseTest" name="@AfterTest close" time="-1.655532419895E9">
    <skipped/>
  </testcase> <!-- @AfterTest close -->
  <testcase classname="com.obs.tests.TestLeafTest" name="printRowCount" time="0.0">
    <skipped/>
  </testcase> <!-- printRowCount -->
  <testcase classname="com.obs.tests.TestLeafTest" name="printColumnCount" time="0.0">
    <skipped/>
  </testcase> <!-- printColumnCount -->
  <testcase classname="com.obs.tests.TestLeafTest" name="getTableCellText" time="0.0">
    <skipped/>
  </testcase> <!-- getTableCellText -->
  <testcase classname="com.obs.tests.TestLeafTest" name="verifySelectByVisibleText" time="0.0">
    <skipped/>
  </testcase> <!-- verifySelectByVisibleText -->
  <testcase classname="com.obs.tests.TestLeafTest" name="verifySelectByIndex" time="0.0">
    <skipped/>
  </testcase> <!-- verifySelectByIndex -->
  <testcase classname="com.obs.tests.TestLeafTest" name="verifySelectByValue" time="0.0">
    <skipped/>
  </testcase> <!-- verifySelectByValue -->
  <testcase classname="com.obs.tests.TestLeafTest" name="takeScreenshot" time="0.0">
    <skipped/>
  </testcase> <!-- takeScreenshot -->
  <testcase classname="com.obs.tests.TestLeafTest" name="verifyNavigateToURL" time="0.0">
    <ignored/>
  </testcase> <!-- verifyNavigateToURL -->
  <testcase classname="com.obs.tests.TestLeafTest" name="verifyNavigateBackward" time="0.0">
    <ignored/>
  </testcase> <!-- verifyNavigateBackward -->
  <testcase classname="com.obs.tests.TestLeafTest" name="verifyAlertAccept" time="0.0">
    <ignored/>
  </testcase> <!-- verifyAlertAccept -->
  <testcase classname="com.obs.tests.TestLeafTest" name="verifySwitchToFrame" time="0.0">
    <ignored/>
  </testcase> <!-- verifySwitchToFrame -->
  <testcase classname="com.obs.tests.TestLeafTest" name="verifySwitchToParentFrame" time="0.0">
    <ignored/>
  </testcase> <!-- verifySwitchToParentFrame -->
  <testcase classname="com.obs.tests.TestLeafTest" name="printSitePageSource" time="0.0">
    <ignored/>
  </testcase> <!-- printSitePageSource -->
  <testcase classname="com.obs.tests.TestLeafTest" name="verifyWindowSwitching" time="0.0">
    <ignored/>
  </testcase> <!-- verifyWindowSwitching -->
  <testcase classname="com.obs.tests.TestLeafTest" name="verifyAlertDismiss" time="0.0">
    <ignored/>
  </testcase> <!-- verifyAlertDismiss -->
  <testcase classname="com.obs.tests.TestLeafTest" name="printFrameCount" time="0.0">
    <ignored/>
  </testcase> <!-- printFrameCount -->
  <testcase classname="com.obs.tests.TestLeafTest" name="closeTheWindow" time="0.0">
    <ignored/>
  </testcase> <!-- closeTheWindow -->
  <testcase classname="com.obs.tests.TestLeafTest" name="printWindowCount" time="0.0">
    <ignored/>
  </testcase> <!-- printWindowCount -->
  <testcase classname="com.obs.tests.TestLeafTest" name="printAlertBoxContent" time="0.0">
    <ignored/>
  </testcase> <!-- printAlertBoxContent -->
  <testcase classname="com.obs.tests.TestLeafTest" name="verifyNavigateForward" time="0.0">
    <ignored/>
  </testcase> <!-- verifyNavigateForward -->
  <testcase classname="com.obs.tests.TestLeafTest" name="printSiteURL" time="0.0">
    <ignored/>
  </testcase> <!-- printSiteURL -->
</testsuite> <!-- Default test -->
