<?xml version="1.0" encoding="UTF-8"?>
<!-- Generated by org.testng.reporters.JUnitXMLReporter -->
<testsuite ignored="0" hostname="Babu" failures="0" tests="15" name="FireFoxTest" time="20.568" errors="0" timestamp="2022-06-17T20:44:00 IST">
  <testcase classname="com.obs.tests.BaseTest" name="@BeforeTest launch" time="20.205">
    <failure type="org.openqa.selenium.SessionNotCreatedException" message="Could not start a new session. Possible causes are invalid address of the remote server or browser start-up failure.">
      <![CDATA[org.openqa.selenium.SessionNotCreatedException: Could not start a new session. Possible causes are invalid address of the remote server or browser start-up failure.
at org.openqa.selenium.remote.RemoteWebDriver.execute(RemoteWebDriver.java:585)
at org.openqa.selenium.remote.RemoteWebDriver.startSession(RemoteWebDriver.java:248)
at org.openqa.selenium.remote.RemoteWebDriver.<init>(RemoteWebDriver.java:164)
at org.openqa.selenium.chromium.ChromiumDriver.<init>(ChromiumDriver.java:108)
at org.openqa.selenium.edge.EdgeDriver.<init>(EdgeDriver.java:52)
at org.openqa.selenium.edge.EdgeDriver.<init>(EdgeDriver.java:44)
at org.openqa.selenium.edge.EdgeDriver.<init>(EdgeDriver.java:41)
at com.obs.tests.BaseTest.launch(BaseTest.java:26)
Caused by: org.openqa.selenium.WebDriverException: Timed out waiting for driver server to start.
Build info: version: '4.1.4', revision: '535d840ee2'
System info: host: 'BABU', ip: '192.168.1.11', os.name: 'Windows 10', os.arch: 'amd64', os.version: '10.0', java.version: '17.0.2'
Driver info: driver.version: EdgeDriver
at org.openqa.selenium.remote.service.DriverService.start(DriverService.java:230)
at org.openqa.selenium.remote.service.DriverCommandExecutor.execute(DriverCommandExecutor.java:98)
at org.openqa.selenium.remote.RemoteWebDriver.execute(RemoteWebDriver.java:567)
... 31 more
Caused by: java.util.concurrent.ExecutionException: org.openqa.selenium.WebDriverException: Timed out waiting for driver server to start.
Build info: version: '4.1.4', revision: '535d840ee2'
System info: host: 'BABU', ip: '192.168.1.11', os.name: 'Windows 10', os.arch: 'amd64', os.version: '10.0', java.version: '17.0.2'
Driver info: driver.version: unknown
at java.base/java.util.concurrent.CompletableFuture.reportGet(CompletableFuture.java:396)
at java.base/java.util.concurrent.CompletableFuture.get(CompletableFuture.java:2096)
at org.openqa.selenium.remote.service.DriverService.start(DriverService.java:220)
... 33 more
Caused by: org.openqa.selenium.WebDriverException: Timed out waiting for driver server to start.
Build info: version: '4.1.4', revision: '535d840ee2'
System info: host: 'BABU', ip: '192.168.1.11', os.name: 'Windows 10', os.arch: 'amd64', os.version: '10.0', java.version: '17.0.2'
Driver info: driver.version: unknown
at org.openqa.selenium.remote.service.DriverService.waitUntilAvailable(DriverService.java:251)
at org.openqa.selenium.remote.service.DriverService.lambda$start$1(DriverService.java:205)
at java.base/java.util.concurrent.CompletableFuture$AsyncSupply.run(CompletableFuture.java:1768)
at java.base/java.util.concurrent.ThreadPoolExecutor.runWorker(ThreadPoolExecutor.java:1136)
at java.base/java.util.concurrent.ThreadPoolExecutor$Worker.run(ThreadPoolExecutor.java:635)
at java.base/java.lang.Thread.run(Thread.java:833)
Caused by: org.openqa.selenium.net.UrlChecker$TimeoutException: Timed out waiting for [http://localhost:64216/status] to be available after 20010 ms
at org.openqa.selenium.net.UrlChecker.waitUntilAvailable(UrlChecker.java:89)
at org.openqa.selenium.remote.service.DriverService.waitUntilAvailable(DriverService.java:247)
... 5 more
Caused by: java.util.concurrent.TimeoutException
at java.base/java.util.concurrent.FutureTask.get(FutureTask.java:204)
at org.openqa.selenium.net.UrlChecker.waitUntilAvailable(UrlChecker.java:87)
... 6 more
... Removed 24 stack frames]]>
    </failure>
  </testcase> <!-- @BeforeTest launch -->
  <testcase classname="com.obs.tests.TestLeafTest" name="@BeforeMethod invokeTestLeaf" time="-1.655478838373E9">
    <skipped/>
  </testcase> <!-- @BeforeMethod invokeTestLeaf -->
  <testcase classname="com.obs.tests.TestLeafTest" name="@BeforeMethod invokeTestLeaf" time="-1.655478838385E9">
    <skipped/>
  </testcase> <!-- @BeforeMethod invokeTestLeaf -->
  <testcase classname="com.obs.tests.TestLeafTest" name="@BeforeMethod invokeTestLeaf" time="-1.655478838396E9">
    <skipped/>
  </testcase> <!-- @BeforeMethod invokeTestLeaf -->
  <testcase classname="com.obs.tests.TestLeafTest" name="@BeforeMethod invokeTestLeaf" time="-1.655478838437E9">
    <skipped/>
  </testcase> <!-- @BeforeMethod invokeTestLeaf -->
  <testcase classname="com.obs.tests.TestLeafTest" name="@BeforeMethod invokeTestLeaf" time="-1.655478838451E9">
    <skipped/>
  </testcase> <!-- @BeforeMethod invokeTestLeaf -->
  <testcase classname="com.obs.tests.TestLeafTest" name="@BeforeMethod invokeTestLeaf" time="-1.655478838548E9">
    <skipped/>
  </testcase> <!-- @BeforeMethod invokeTestLeaf -->
  <testcase classname="com.obs.tests.TestLeafTest" name="@BeforeMethod invokeTestLeaf" time="-1.655478838555E9">
    <skipped/>
  </testcase> <!-- @BeforeMethod invokeTestLeaf -->
  <testcase classname="com.obs.tests.TestLeafTest" name="@BeforeMethod invokeTestLeaf" time="-1.655478838566E9">
    <skipped/>
  </testcase> <!-- @BeforeMethod invokeTestLeaf -->
  <testcase classname="com.obs.tests.TestLeafTest" name="@BeforeMethod invokeTestLeaf" time="-1.655478838572E9">
    <skipped/>
  </testcase> <!-- @BeforeMethod invokeTestLeaf -->
  <testcase classname="com.obs.tests.TestLeafTest" name="@BeforeMethod invokeTestLeaf" time="-1.655478838613E9">
    <skipped/>
  </testcase> <!-- @BeforeMethod invokeTestLeaf -->
  <testcase classname="com.obs.tests.TestLeafTest" name="@BeforeMethod invokeTestLeaf" time="-1.655478838647E9">
    <skipped/>
  </testcase> <!-- @BeforeMethod invokeTestLeaf -->
  <testcase classname="com.obs.tests.TestLeafTest" name="@BeforeMethod invokeTestLeaf" time="-1.655478838668E9">
    <skipped/>
  </testcase> <!-- @BeforeMethod invokeTestLeaf -->
  <testcase classname="com.obs.tests.TestLeafTest" name="@BeforeMethod invokeTestLeaf" time="-1.655478838678E9">
    <skipped/>
  </testcase> <!-- @BeforeMethod invokeTestLeaf -->
  <testcase classname="com.obs.tests.TestLeafTest" name="@BeforeMethod invokeTestLeaf" time="-1.655478838695E9">
    <skipped/>
  </testcase> <!-- @BeforeMethod invokeTestLeaf -->
  <testcase classname="com.obs.tests.TestLeafTest" name="@BeforeMethod invokeTestLeaf" time="-1.655478838702E9">
    <skipped/>
  </testcase> <!-- @BeforeMethod invokeTestLeaf -->
  <testcase classname="com.obs.tests.BaseTest" name="@AfterTest close" time="-1.655478838709E9">
    <skipped/>
  </testcase> <!-- @AfterTest close -->
  <testcase classname="com.obs.tests.TestLeafTest" name="verifyNavigateToURL" time="0.0">
    <skipped/>
  </testcase> <!-- verifyNavigateToURL -->
  <testcase classname="com.obs.tests.TestLeafTest" name="verifyNavigateBackward" time="0.0">
    <skipped/>
  </testcase> <!-- verifyNavigateBackward -->
  <testcase classname="com.obs.tests.TestLeafTest" name="verifyNavigateForward" time="0.0">
    <skipped/>
  </testcase> <!-- verifyNavigateForward -->
  <testcase classname="com.obs.tests.TestLeafTest" name="printSiteURL" time="0.0">
    <skipped/>
  </testcase> <!-- printSiteURL -->
  <testcase classname="com.obs.tests.TestLeafTest" name="printSitePageSource" time="0.0">
    <skipped/>
  </testcase> <!-- printSitePageSource -->
  <testcase classname="com.obs.tests.TestLeafTest" name="verifyAlertAccept" time="0.0">
    <skipped/>
  </testcase> <!-- verifyAlertAccept -->
  <testcase classname="com.obs.tests.TestLeafTest" name="printAlertBoxContent" time="0.0">
    <skipped/>
  </testcase> <!-- printAlertBoxContent -->
  <testcase classname="com.obs.tests.TestLeafTest" name="verifyAlertDismiss" time="0.0">
    <skipped/>
  </testcase> <!-- verifyAlertDismiss -->
  <testcase classname="com.obs.tests.TestLeafTest" name="verifySwitchToFrame" time="0.0">
    <skipped/>
  </testcase> <!-- verifySwitchToFrame -->
  <testcase classname="com.obs.tests.TestLeafTest" name="verifySwitchToParentFrame" time="0.0">
    <skipped/>
  </testcase> <!-- verifySwitchToParentFrame -->
  <testcase classname="com.obs.tests.TestLeafTest" name="printFrameCount" time="0.0">
    <skipped/>
  </testcase> <!-- printFrameCount -->
  <testcase classname="com.obs.tests.TestLeafTest" name="printWindowCount" time="0.0">
    <skipped/>
  </testcase> <!-- printWindowCount -->
  <testcase classname="com.obs.tests.TestLeafTest" name="verifyWindowSwitching" time="0.0">
    <skipped/>
  </testcase> <!-- verifyWindowSwitching -->
  <testcase classname="com.obs.tests.TestLeafTest" name="closeTheWindow" time="0.0">
    <skipped/>
  </testcase> <!-- closeTheWindow -->
  <testcase classname="com.obs.tests.TestLeafTest" name="printRowCount" time="0.0">
    <skipped/>
  </testcase> <!-- printRowCount -->
</testsuite> <!-- FireFoxTest -->
